[2.163s] DEBUG:colcon:Command line arguments: ['/usr/bin/colcon', 'build', '--packages-select', 'my_bot']
[2.164s] DEBUG:colcon:Parsed command line arguments: Namespace(allow_overriding=[], ament_cmake_args=None, base_paths=['.'], build_base='build', catkin_cmake_args=None, catkin_skip_building_tests=False, cmake_args=None, cmake_clean_cache=False, cmake_clean_first=False, cmake_force_configure=False, cmake_target=None, cmake_target_skip_unavailable=False, continue_on_error=False, event_handlers=None, executor='parallel', ignore_user_meta=False, install_base='install', log_base=None, log_level=None, main=<bound method BuildVerb.main of <colcon_core.verb.build.BuildVerb object at 0xffffa0775e80>>, merge_install=False, metas=['./colcon.meta'], mixin=None, mixin_files=None, mixin_verb=('build',), packages_above=None, packages_above_and_dependencies=None, packages_above_depth=None, packages_end=None, packages_ignore=None, packages_ignore_regex=None, packages_select=['my_bot'], packages_select_build_failed=False, packages_select_by_dep=None, packages_select_regex=None, packages_select_test_failures=False, packages_skip=None, packages_skip_build_finished=False, packages_skip_by_dep=None, packages_skip_regex=None, packages_skip_test_passed=False, packages_skip_up_to=None, packages_start=None, packages_up_to=None, packages_up_to_regex=None, parallel_workers=4, paths=None, symlink_install=False, test_result_base=None, verb_extension=<colcon_core.verb.build.BuildVerb object at 0xffffa0775e80>, verb_name='build', verb_parser=<colcon_mixin.mixin.mixin_argument.MixinArgumentDecorator object at 0xffffa06d5490>)
[4.085s] Level 1:colcon.colcon_core.package_discovery:discover_packages(colcon_meta) check parameters
[4.086s] Level 1:colcon.colcon_core.package_discovery:discover_packages(recursive) check parameters
[4.086s] Level 1:colcon.colcon_core.package_discovery:discover_packages(ignore) check parameters
[4.086s] Level 1:colcon.colcon_core.package_discovery:discover_packages(path) check parameters
[4.087s] Level 1:colcon.colcon_core.package_discovery:discover_packages(colcon_meta) discover
[4.087s] Level 1:colcon.colcon_core.package_discovery:discover_packages(recursive) discover
[4.088s] INFO:colcon.colcon_core.package_discovery:Crawling recursively for packages in '/home/ubuntu/robot_ws/src/my_bot'
[4.089s] Level 1:colcon.colcon_core.package_identification:_identify(.) by extensions ['ignore', 'ignore_ament_install']
[4.090s] Level 1:colcon.colcon_core.package_identification:_identify(.) by extension 'ignore'
[4.090s] Level 1:colcon.colcon_core.package_identification:_identify(.) by extension 'ignore_ament_install'
[4.091s] Level 1:colcon.colcon_core.package_identification:_identify(.) by extensions ['colcon_pkg']
[4.091s] Level 1:colcon.colcon_core.package_identification:_identify(.) by extension 'colcon_pkg'
[4.092s] Level 1:colcon.colcon_core.package_identification:_identify(.) by extensions ['colcon_meta']
[4.092s] Level 1:colcon.colcon_core.package_identification:_identify(.) by extension 'colcon_meta'
[4.092s] Level 1:colcon.colcon_core.package_identification:_identify(.) by extensions ['ros']
[4.093s] Level 1:colcon.colcon_core.package_identification:_identify(.) by extension 'ros'
[4.222s] DEBUG:colcon.colcon_core.package_identification:Package '.' with type 'ros.ament_cmake' and name 'my_bot'
[4.223s] Level 1:colcon.colcon_core.package_discovery:discover_packages(recursive) using defaults
[4.223s] Level 1:colcon.colcon_core.package_discovery:discover_packages(ignore) discover
[4.223s] Level 1:colcon.colcon_core.package_discovery:discover_packages(ignore) using defaults
[4.224s] Level 1:colcon.colcon_core.package_discovery:discover_packages(path) discover
[4.224s] Level 1:colcon.colcon_core.package_discovery:discover_packages(path) using defaults
[4.384s] Level 1:colcon.colcon_core.package_discovery:discover_packages(prefix_path) check parameters
[4.384s] Level 1:colcon.colcon_core.package_discovery:discover_packages(prefix_path) discover
[4.409s] DEBUG:colcon.colcon_installed_package_information.package_discovery:Found 6 installed packages in /home/ubuntu/robot_ws/install
[4.434s] DEBUG:colcon.colcon_installed_package_information.package_discovery:Found 296 installed packages in /opt/ros/foxy
[4.520s] Level 1:colcon.colcon_core.package_discovery:discover_packages(prefix_path) using defaults
[5.536s] Level 5:colcon.colcon_core.verb:set package 'my_bot' build argument 'cmake_args' from command line to 'None'
[5.537s] Level 5:colcon.colcon_core.verb:set package 'my_bot' build argument 'cmake_target' from command line to 'None'
[5.537s] Level 5:colcon.colcon_core.verb:set package 'my_bot' build argument 'cmake_target_skip_unavailable' from command line to 'False'
[5.538s] Level 5:colcon.colcon_core.verb:set package 'my_bot' build argument 'cmake_clean_cache' from command line to 'False'
[5.538s] Level 5:colcon.colcon_core.verb:set package 'my_bot' build argument 'cmake_clean_first' from command line to 'False'
[5.538s] Level 5:colcon.colcon_core.verb:set package 'my_bot' build argument 'cmake_force_configure' from command line to 'False'
[5.539s] Level 5:colcon.colcon_core.verb:set package 'my_bot' build argument 'ament_cmake_args' from command line to 'None'
[5.539s] Level 5:colcon.colcon_core.verb:set package 'my_bot' build argument 'catkin_cmake_args' from command line to 'None'
[5.539s] Level 5:colcon.colcon_core.verb:set package 'my_bot' build argument 'catkin_skip_building_tests' from command line to 'False'
[5.540s] DEBUG:colcon.colcon_core.verb:Building package 'my_bot' with the following arguments: {'ament_cmake_args': None, 'build_base': '/home/ubuntu/robot_ws/src/my_bot/build/my_bot', 'catkin_cmake_args': None, 'catkin_skip_building_tests': False, 'cmake_args': None, 'cmake_clean_cache': False, 'cmake_clean_first': False, 'cmake_force_configure': False, 'cmake_target': None, 'cmake_target_skip_unavailable': False, 'install_base': '/home/ubuntu/robot_ws/src/my_bot/install/my_bot', 'merge_install': False, 'path': '/home/ubuntu/robot_ws/src/my_bot', 'symlink_install': False, 'test_result_base': None}
[5.541s] INFO:colcon.colcon_core.executor:Executing jobs using 'parallel' executor
[5.549s] DEBUG:colcon.colcon_parallel_executor.executor.parallel:run_until_complete
[5.551s] INFO:colcon.colcon_ros.task.ament_cmake.build:Building ROS package in '/home/ubuntu/robot_ws/src/my_bot' with build type 'ament_cmake'
[5.552s] INFO:colcon.colcon_cmake.task.cmake.build:Building CMake package in '/home/ubuntu/robot_ws/src/my_bot'
[5.573s] INFO:colcon.colcon_core.plugin_system:Skipping extension 'colcon_core.shell.bat': Not used on non-Windows systems
[5.576s] INFO:colcon.colcon_core.shell:Skip shell extension 'powershell' for command environment: Not usable outside of PowerShell
[5.577s] DEBUG:colcon.colcon_core.shell:Skip shell extension 'dsv' for command environment
[5.692s] DEBUG:colcon.colcon_core.event_handler.log_command:Invoking command in '/home/ubuntu/robot_ws/src/my_bot/build/my_bot': CMAKE_PREFIX_PATH=${CMAKE_PREFIX_PATH}:/home/ubuntu/robot_ws/install/serial_motor_demo:/home/ubuntu/robot_ws/install/ball_tracker:/opt/ros/foxy /usr/bin/cmake /home/ubuntu/robot_ws/src/my_bot -DCMAKE_INSTALL_PREFIX=/home/ubuntu/robot_ws/src/my_bot/install/my_bot
[15.834s] DEBUG:colcon.colcon_core.event_handler.log_command:Invoked command in '/home/ubuntu/robot_ws/src/my_bot/build/my_bot' returned '0': CMAKE_PREFIX_PATH=${CMAKE_PREFIX_PATH}:/home/ubuntu/robot_ws/install/serial_motor_demo:/home/ubuntu/robot_ws/install/ball_tracker:/opt/ros/foxy /usr/bin/cmake /home/ubuntu/robot_ws/src/my_bot -DCMAKE_INSTALL_PREFIX=/home/ubuntu/robot_ws/src/my_bot/install/my_bot
[15.858s] DEBUG:colcon.colcon_core.event_handler.log_command:Invoking command in '/home/ubuntu/robot_ws/src/my_bot/build/my_bot': CMAKE_PREFIX_PATH=${CMAKE_PREFIX_PATH}:/home/ubuntu/robot_ws/install/serial_motor_demo:/home/ubuntu/robot_ws/install/ball_tracker:/opt/ros/foxy /usr/bin/cmake --build /home/ubuntu/robot_ws/src/my_bot/build/my_bot -- -j4 -l4
[16.286s] DEBUG:colcon.colcon_core.event_handler.log_command:Invoked command in '/home/ubuntu/robot_ws/src/my_bot/build/my_bot' returned '0': CMAKE_PREFIX_PATH=${CMAKE_PREFIX_PATH}:/home/ubuntu/robot_ws/install/serial_motor_demo:/home/ubuntu/robot_ws/install/ball_tracker:/opt/ros/foxy /usr/bin/cmake --build /home/ubuntu/robot_ws/src/my_bot/build/my_bot -- -j4 -l4
[16.410s] DEBUG:colcon.colcon_core.event_handler.log_command:Invoking command in '/home/ubuntu/robot_ws/src/my_bot/build/my_bot': CMAKE_PREFIX_PATH=${CMAKE_PREFIX_PATH}:/home/ubuntu/robot_ws/install/serial_motor_demo:/home/ubuntu/robot_ws/install/ball_tracker:/opt/ros/foxy /usr/bin/cmake --install /home/ubuntu/robot_ws/src/my_bot/build/my_bot
[16.629s] Level 1:colcon.colcon_core.environment:create_environment_scripts_only(my_bot)
[16.634s] DEBUG:colcon.colcon_core.event_handler.log_command:Invoked command in '/home/ubuntu/robot_ws/src/my_bot/build/my_bot' returned '0': CMAKE_PREFIX_PATH=${CMAKE_PREFIX_PATH}:/home/ubuntu/robot_ws/install/serial_motor_demo:/home/ubuntu/robot_ws/install/ball_tracker:/opt/ros/foxy /usr/bin/cmake --install /home/ubuntu/robot_ws/src/my_bot/build/my_bot
[16.661s] Level 1:colcon.colcon_core.environment:checking '/home/ubuntu/robot_ws/src/my_bot/install/my_bot' for CMake module files
[16.667s] Level 1:colcon.colcon_core.environment:checking '/home/ubuntu/robot_ws/src/my_bot/install/my_bot' for CMake config files
[16.673s] Level 1:colcon.colcon_core.shell:create_environment_hook('my_bot', 'cmake_prefix_path')
[16.675s] INFO:colcon.colcon_core.shell:Creating environment hook '/home/ubuntu/robot_ws/src/my_bot/install/my_bot/share/my_bot/hook/cmake_prefix_path.ps1'
[16.682s] INFO:colcon.colcon_core.shell:Creating environment descriptor '/home/ubuntu/robot_ws/src/my_bot/install/my_bot/share/my_bot/hook/cmake_prefix_path.dsv'
[16.686s] INFO:colcon.colcon_core.shell:Creating environment hook '/home/ubuntu/robot_ws/src/my_bot/install/my_bot/share/my_bot/hook/cmake_prefix_path.sh'
[16.695s] Level 1:colcon.colcon_core.environment:checking '/home/ubuntu/robot_ws/src/my_bot/install/my_bot/bin'
[16.697s] Level 1:colcon.colcon_core.environment:checking '/home/ubuntu/robot_ws/src/my_bot/install/my_bot/lib/pkgconfig/my_bot.pc'
[16.700s] Level 1:colcon.colcon_core.environment:checking '/home/ubuntu/robot_ws/src/my_bot/install/my_bot/lib/python3.8/site-packages'
[16.703s] Level 1:colcon.colcon_core.environment:checking '/home/ubuntu/robot_ws/src/my_bot/install/my_bot/bin'
[16.706s] INFO:colcon.colcon_core.shell:Creating package script '/home/ubuntu/robot_ws/src/my_bot/install/my_bot/share/my_bot/package.ps1'
[16.715s] INFO:colcon.colcon_core.shell:Creating package descriptor '/home/ubuntu/robot_ws/src/my_bot/install/my_bot/share/my_bot/package.dsv'
[16.721s] INFO:colcon.colcon_core.shell:Creating package script '/home/ubuntu/robot_ws/src/my_bot/install/my_bot/share/my_bot/package.sh'
[16.730s] INFO:colcon.colcon_core.shell:Creating package script '/home/ubuntu/robot_ws/src/my_bot/install/my_bot/share/my_bot/package.bash'
[16.739s] INFO:colcon.colcon_core.shell:Creating package script '/home/ubuntu/robot_ws/src/my_bot/install/my_bot/share/my_bot/package.zsh'
[16.746s] Level 1:colcon.colcon_core.environment:create_file_with_runtime_dependencies(/home/ubuntu/robot_ws/src/my_bot/install/my_bot/share/colcon-core/packages/my_bot)
[16.752s] Level 1:colcon.colcon_core.environment:create_environment_scripts_only(my_bot)
[16.754s] Level 1:colcon.colcon_core.environment:checking '/home/ubuntu/robot_ws/src/my_bot/install/my_bot' for CMake module files
[16.761s] Level 1:colcon.colcon_core.environment:checking '/home/ubuntu/robot_ws/src/my_bot/install/my_bot' for CMake config files
[16.768s] Level 1:colcon.colcon_core.shell:create_environment_hook('my_bot', 'cmake_prefix_path')
[16.770s] INFO:colcon.colcon_core.shell:Creating environment hook '/home/ubuntu/robot_ws/src/my_bot/install/my_bot/share/my_bot/hook/cmake_prefix_path.ps1'
[16.774s] INFO:colcon.colcon_core.shell:Creating environment descriptor '/home/ubuntu/robot_ws/src/my_bot/install/my_bot/share/my_bot/hook/cmake_prefix_path.dsv'
[16.778s] INFO:colcon.colcon_core.shell:Creating environment hook '/home/ubuntu/robot_ws/src/my_bot/install/my_bot/share/my_bot/hook/cmake_prefix_path.sh'
[16.785s] Level 1:colcon.colcon_core.environment:checking '/home/ubuntu/robot_ws/src/my_bot/install/my_bot/bin'
[16.786s] Level 1:colcon.colcon_core.environment:checking '/home/ubuntu/robot_ws/src/my_bot/install/my_bot/lib/pkgconfig/my_bot.pc'
[16.788s] Level 1:colcon.colcon_core.environment:checking '/home/ubuntu/robot_ws/src/my_bot/install/my_bot/lib/python3.8/site-packages'
[16.791s] Level 1:colcon.colcon_core.environment:checking '/home/ubuntu/robot_ws/src/my_bot/install/my_bot/bin'
[16.794s] INFO:colcon.colcon_core.shell:Creating package script '/home/ubuntu/robot_ws/src/my_bot/install/my_bot/share/my_bot/package.ps1'
[16.802s] DEBUG:colcon.colcon_parallel_executor.executor.parallel:run_until_complete was interrupted
[16.803s] DEBUG:colcon.colcon_parallel_executor.executor.parallel:run_until_complete again
[16.804s] DEBUG:colcon.colcon_parallel_executor.executor.parallel:run_until_complete finished
[16.805s] DEBUG:colcon.colcon_parallel_executor.executor.parallel:closing loop
[16.807s] DEBUG:colcon.colcon_parallel_executor.executor.parallel:loop closed
[16.808s] DEBUG:colcon.colcon_core.event_reactor:joining thread
[16.865s] INFO:colcon.colcon_core.plugin_system:Skipping extension 'colcon_notification.desktop_notification.terminal_notifier': Not used on non-Darwin systems
[16.866s] INFO:colcon.colcon_core.plugin_system:Skipping extension 'colcon_notification.desktop_notification.win32': Not used on non-Windows systems
[16.867s] INFO:colcon.colcon_notification.desktop_notification:Sending desktop notification using 'notify2'
[17.030s] DEBUG:colcon.colcon_core.event_reactor:joined thread
[17.033s] INFO:colcon.colcon_core.shell:Creating prefix script '/home/ubuntu/robot_ws/src/my_bot/install/local_setup.ps1'
[17.044s] INFO:colcon.colcon_core.shell:Creating prefix util module '/home/ubuntu/robot_ws/src/my_bot/install/_local_setup_util_ps1.py'
[17.060s] INFO:colcon.colcon_core.shell:Creating prefix chain script '/home/ubuntu/robot_ws/src/my_bot/install/setup.ps1'
[17.078s] INFO:colcon.colcon_core.shell:Creating prefix script '/home/ubuntu/robot_ws/src/my_bot/install/local_setup.sh'
[17.084s] INFO:colcon.colcon_core.shell:Creating prefix util module '/home/ubuntu/robot_ws/src/my_bot/install/_local_setup_util_sh.py'
[17.090s] INFO:colcon.colcon_core.shell:Creating prefix chain script '/home/ubuntu/robot_ws/src/my_bot/install/setup.sh'
[17.105s] INFO:colcon.colcon_core.shell:Creating prefix script '/home/ubuntu/robot_ws/src/my_bot/install/local_setup.bash'
[17.112s] INFO:colcon.colcon_core.shell:Creating prefix chain script '/home/ubuntu/robot_ws/src/my_bot/install/setup.bash'
[17.127s] INFO:colcon.colcon_core.shell:Creating prefix script '/home/ubuntu/robot_ws/src/my_bot/install/local_setup.zsh'
[17.133s] INFO:colcon.colcon_core.shell:Creating prefix chain script '/home/ubuntu/robot_ws/src/my_bot/install/setup.zsh'
