[0.138s] Invoking command in '/home/ubuntu/robot_ws/src/my_bot/build/my_bot': CMAKE_PREFIX_PATH=${CMAKE_PREFIX_PATH}:/home/ubuntu/robot_ws/install/serial_motor_demo:/home/ubuntu/robot_ws/install/ball_tracker:/opt/ros/foxy /usr/bin/cmake /home/ubuntu/robot_ws/src/my_bot -DCMAKE_INSTALL_PREFIX=/home/ubuntu/robot_ws/src/my_bot/install/my_bot
[0.774s] -- The C compiler identification is GNU 9.4.0
[1.311s] -- The CXX compiler identification is GNU 9.4.0
[1.361s] -- Check for working C compiler: /usr/bin/cc
[2.083s] -- Check for working C compiler: /usr/bin/cc -- works
[2.091s] -- Detecting C compiler ABI info
[2.823s] -- Detecting C compiler ABI info - done
[2.927s] -- Detecting C compile features
[2.929s] -- Detecting C compile features - done
[2.953s] -- Check for working CXX compiler: /usr/bin/c++
[3.761s] -- Check for working CXX compiler: /usr/bin/c++ -- works
[3.770s] -- Detecting CXX compiler ABI info
[4.587s] -- Detecting CXX compiler ABI info - done
[4.694s] -- Detecting CXX compile features
[4.699s] -- Detecting CXX compile features - done
[4.774s] -- Found ament_cmake: 0.9.12 (/opt/ros/foxy/share/ament_cmake/cmake)
[5.198s] -- Found PythonInterp: /usr/bin/python3 (found suitable version "3.8.10", minimum required is "3") 
[5.199s] -- Using PYTHON_EXECUTABLE: /usr/bin/python3
[8.204s] -- Found ament_lint_auto: 0.9.8 (/opt/ros/foxy/share/ament_lint_auto/cmake)
[9.400s] -- Added test 'copyright' to check source files copyright and LICENSE
[9.605s] -- Added test 'cppcheck' to perform static code analysis on C / C++ code
[9.607s] -- Configured cppcheck include dirs: 
[9.607s] -- Configured cppcheck exclude dirs and/or files: 
[9.812s] -- Added test 'cpplint' to check C / C++ code against the Google style
[9.813s] -- Configured cpplint exclude dirs and/or files: 
[9.843s] -- Added test 'flake8' to check Python code syntax and style conventions
[9.900s] -- Added test 'lint_cmake' to check CMake code style
[9.931s] -- Added test 'pep257' to check Python code against some of the style conventions in PEP 257
[10.145s] -- Added test 'uncrustify' to check C / C++ code style
[10.146s] -- Configured uncrustify additional arguments: 
[10.178s] -- Added test 'xmllint' to check XML markup files
[10.211s] -- Configuring done
[10.236s] -- Generating done
[10.252s] -- Build files have been written to: /home/ubuntu/robot_ws/src/my_bot/build/my_bot
[10.280s] Invoked command in '/home/ubuntu/robot_ws/src/my_bot/build/my_bot' returned '0': CMAKE_PREFIX_PATH=${CMAKE_PREFIX_PATH}:/home/ubuntu/robot_ws/install/serial_motor_demo:/home/ubuntu/robot_ws/install/ball_tracker:/opt/ros/foxy /usr/bin/cmake /home/ubuntu/robot_ws/src/my_bot -DCMAKE_INSTALL_PREFIX=/home/ubuntu/robot_ws/src/my_bot/install/my_bot
[10.297s] Invoking command in '/home/ubuntu/robot_ws/src/my_bot/build/my_bot': CMAKE_PREFIX_PATH=${CMAKE_PREFIX_PATH}:/home/ubuntu/robot_ws/install/serial_motor_demo:/home/ubuntu/robot_ws/install/ball_tracker:/opt/ros/foxy /usr/bin/cmake --build /home/ubuntu/robot_ws/src/my_bot/build/my_bot -- -j4 -l4
[10.732s] Invoked command in '/home/ubuntu/robot_ws/src/my_bot/build/my_bot' returned '0': CMAKE_PREFIX_PATH=${CMAKE_PREFIX_PATH}:/home/ubuntu/robot_ws/install/serial_motor_demo:/home/ubuntu/robot_ws/install/ball_tracker:/opt/ros/foxy /usr/bin/cmake --build /home/ubuntu/robot_ws/src/my_bot/build/my_bot -- -j4 -l4
[10.848s] Invoking command in '/home/ubuntu/robot_ws/src/my_bot/build/my_bot': CMAKE_PREFIX_PATH=${CMAKE_PREFIX_PATH}:/home/ubuntu/robot_ws/install/serial_motor_demo:/home/ubuntu/robot_ws/install/ball_tracker:/opt/ros/foxy /usr/bin/cmake --install /home/ubuntu/robot_ws/src/my_bot/build/my_bot
[10.947s] -- Install configuration: ""
[10.948s] -- Installing: /home/ubuntu/robot_ws/src/my_bot/install/my_bot/share/my_bot/config
[10.949s] -- Installing: /home/ubuntu/robot_ws/src/my_bot/install/my_bot/share/my_bot/config/view_bot.rviz
[10.951s] -- Installing: /home/ubuntu/robot_ws/src/my_bot/install/my_bot/share/my_bot/config/my_controllers.yaml
[10.953s] -- Installing: /home/ubuntu/robot_ws/src/my_bot/install/my_bot/share/my_bot/config/ball_tracker_params_robot.yaml
[10.955s] -- Installing: /home/ubuntu/robot_ws/src/my_bot/install/my_bot/share/my_bot/config/mapper_params_online_async.yaml
[10.959s] -- Installing: /home/ubuntu/robot_ws/src/my_bot/install/my_bot/share/my_bot/config/test.rviz
[10.960s] -- Installing: /home/ubuntu/robot_ws/src/my_bot/install/my_bot/share/my_bot/config/drive_bot.rviz
[10.962s] -- Installing: /home/ubuntu/robot_ws/src/my_bot/install/my_bot/share/my_bot/config/ball_tracker_params_sim.yaml
[10.963s] -- Installing: /home/ubuntu/robot_ws/src/my_bot/install/my_bot/share/my_bot/config/main.rviz
[10.966s] -- Installing: /home/ubuntu/robot_ws/src/my_bot/install/my_bot/share/my_bot/config/nav2_params.yaml
[10.967s] -- Installing: /home/ubuntu/robot_ws/src/my_bot/install/my_bot/share/my_bot/config/gazebo_params.yaml
[10.969s] -- Installing: /home/ubuntu/robot_ws/src/my_bot/install/my_bot/share/my_bot/config/twist_mux.yaml
[10.972s] -- Installing: /home/ubuntu/robot_ws/src/my_bot/install/my_bot/share/my_bot/config/empty.yaml
[10.975s] -- Installing: /home/ubuntu/robot_ws/src/my_bot/install/my_bot/share/my_bot/description
[10.979s] -- Installing: /home/ubuntu/robot_ws/src/my_bot/install/my_bot/share/my_bot/description/ros2_control.xacro
[10.981s] -- Installing: /home/ubuntu/robot_ws/src/my_bot/install/my_bot/share/my_bot/description/inertial_macros.xacro
[10.982s] -- Installing: /home/ubuntu/robot_ws/src/my_bot/install/my_bot/share/my_bot/description/robot_core.xacro
[10.983s] -- Installing: /home/ubuntu/robot_ws/src/my_bot/install/my_bot/share/my_bot/description/robot.urdf.xacro
[10.984s] -- Installing: /home/ubuntu/robot_ws/src/my_bot/install/my_bot/share/my_bot/description/camera.xacro
[10.986s] -- Installing: /home/ubuntu/robot_ws/src/my_bot/install/my_bot/share/my_bot/description/gazebo_control.xacro
[10.988s] -- Installing: /home/ubuntu/robot_ws/src/my_bot/install/my_bot/share/my_bot/description/lidar.xacro
[10.990s] -- Installing: /home/ubuntu/robot_ws/src/my_bot/install/my_bot/share/my_bot/description/face.xacro
[10.995s] -- Installing: /home/ubuntu/robot_ws/src/my_bot/install/my_bot/share/my_bot/launch
[10.996s] -- Installing: /home/ubuntu/robot_ws/src/my_bot/install/my_bot/share/my_bot/launch/camera.launch.py
[10.997s] -- Installing: /home/ubuntu/robot_ws/src/my_bot/install/my_bot/share/my_bot/launch/rplidar.launch.py
[10.998s] -- Installing: /home/ubuntu/robot_ws/src/my_bot/install/my_bot/share/my_bot/launch/__pycache__
[10.999s] -- Installing: /home/ubuntu/robot_ws/src/my_bot/install/my_bot/share/my_bot/launch/__pycache__/rplidar.launch.cpython-38.pyc
[11.001s] -- Installing: /home/ubuntu/robot_ws/src/my_bot/install/my_bot/share/my_bot/launch/launch_robot.launch.py
[11.003s] -- Installing: /home/ubuntu/robot_ws/src/my_bot/install/my_bot/share/my_bot/launch/localization_launch.py
[11.005s] -- Installing: /home/ubuntu/robot_ws/src/my_bot/install/my_bot/share/my_bot/launch/online_async_launch.py
[11.008s] -- Installing: /home/ubuntu/robot_ws/src/my_bot/install/my_bot/share/my_bot/launch/rsp.launch.py
[11.010s] -- Installing: /home/ubuntu/robot_ws/src/my_bot/install/my_bot/share/my_bot/launch/navigation_launch.py
[11.013s] -- Installing: /home/ubuntu/robot_ws/src/my_bot/install/my_bot/share/my_bot/launch/joystick.launch.py
[11.014s] -- Installing: /home/ubuntu/robot_ws/src/my_bot/install/my_bot/share/my_bot/launch/launch_sim.launch.py
[11.015s] -- Installing: /home/ubuntu/robot_ws/src/my_bot/install/my_bot/share/my_bot/launch/ball_tracker.launch.py
[11.017s] -- Installing: /home/ubuntu/robot_ws/src/my_bot/install/my_bot/share/my_bot/worlds
[11.018s] -- Installing: /home/ubuntu/robot_ws/src/my_bot/install/my_bot/share/my_bot/worlds/empty.world
[11.020s] -- Installing: /home/ubuntu/robot_ws/src/my_bot/install/my_bot/share/my_bot/worlds/obstacles.world
[11.024s] -- Installing: /home/ubuntu/robot_ws/src/my_bot/install/my_bot/share/ament_index/resource_index/package_run_dependencies/my_bot
[11.028s] -- Installing: /home/ubuntu/robot_ws/src/my_bot/install/my_bot/share/ament_index/resource_index/parent_prefix_path/my_bot
[11.032s] -- Installing: /home/ubuntu/robot_ws/src/my_bot/install/my_bot/share/my_bot/environment/ament_prefix_path.sh
[11.034s] -- Installing: /home/ubuntu/robot_ws/src/my_bot/install/my_bot/share/my_bot/environment/ament_prefix_path.dsv
[11.037s] -- Installing: /home/ubuntu/robot_ws/src/my_bot/install/my_bot/share/my_bot/environment/path.sh
[11.040s] -- Installing: /home/ubuntu/robot_ws/src/my_bot/install/my_bot/share/my_bot/environment/path.dsv
[11.042s] -- Installing: /home/ubuntu/robot_ws/src/my_bot/install/my_bot/share/my_bot/local_setup.bash
[11.045s] -- Installing: /home/ubuntu/robot_ws/src/my_bot/install/my_bot/share/my_bot/local_setup.sh
[11.047s] -- Installing: /home/ubuntu/robot_ws/src/my_bot/install/my_bot/share/my_bot/local_setup.zsh
[11.050s] -- Installing: /home/ubuntu/robot_ws/src/my_bot/install/my_bot/share/my_bot/local_setup.dsv
[11.052s] -- Installing: /home/ubuntu/robot_ws/src/my_bot/install/my_bot/share/my_bot/package.dsv
[11.058s] -- Installing: /home/ubuntu/robot_ws/src/my_bot/install/my_bot/share/ament_index/resource_index/packages/my_bot
[11.059s] -- Installing: /home/ubuntu/robot_ws/src/my_bot/install/my_bot/share/my_bot/cmake/my_botConfig.cmake
[11.062s] -- Installing: /home/ubuntu/robot_ws/src/my_bot/install/my_bot/share/my_bot/cmake/my_botConfig-version.cmake
[11.065s] -- Installing: /home/ubuntu/robot_ws/src/my_bot/install/my_bot/share/my_bot/package.xml
[11.080s] Invoked command in '/home/ubuntu/robot_ws/src/my_bot/build/my_bot' returned '0': CMAKE_PREFIX_PATH=${CMAKE_PREFIX_PATH}:/home/ubuntu/robot_ws/install/serial_motor_demo:/home/ubuntu/robot_ws/install/ball_tracker:/opt/ros/foxy /usr/bin/cmake --install /home/ubuntu/robot_ws/src/my_bot/build/my_bot
